12:31:56.744 [main] INFO  api.test.userTest - ********** Creating user  ***************
12:32:00.343 [main] INFO  api.test.userTest - **********User is created  ***************
12:32:00.374 [main] INFO  api.test.userTest - ********** Reading User Info ***************
12:32:01.473 [main] INFO  api.test.userTest - ********** Updating User ***************
12:32:02.601 [main] INFO  api.test.userTest - ********** User updated ***************
12:32:03.676 [main] INFO  api.test.userTest - **********   Deleting User  ***************
12:32:04.711 [main] INFO  api.test.userTest - ********** User deleted ***************
12:59:26.052 [main] INFO  api.test.userTestUsingPropertiesfile - ********** Creating user  ***************
12:59:29.493 [main] INFO  api.test.userTestUsingPropertiesfile - **********User is created  ***************
12:59:29.500 [main] INFO  api.test.userTestUsingPropertiesfile - ********** Reading User Info ***************
12:59:30.631 [main] INFO  api.test.userTestUsingPropertiesfile - ********** Updating User ***************
12:59:31.735 [main] INFO  api.test.userTestUsingPropertiesfile - ********** User updated ***************
12:59:32.781 [main] INFO  api.test.userTestUsingPropertiesfile - **********   Deleting User  ***************
12:59:33.821 [main] INFO  api.test.userTestUsingPropertiesfile - ********** User deleted ***************
13:01:08.457 [main] INFO  api.test.userTestUsingPropertiesfile - ********** Creating user  ***************
13:01:11.338 [main] INFO  api.test.userTestUsingPropertiesfile - **********User is created  ***************
13:01:11.362 [main] INFO  api.test.userTestUsingPropertiesfile - ********** Reading User Info ***************
13:01:12.448 [main] INFO  api.test.userTestUsingPropertiesfile - **********User info  is displayed ***************
13:01:12.453 [main] INFO  api.test.userTestUsingPropertiesfile - ********** Updating User ***************
13:01:13.532 [main] INFO  api.test.userTestUsingPropertiesfile - ********** User updated ***************
13:01:14.625 [main] INFO  api.test.userTestUsingPropertiesfile - **********   Deleting User  ***************
13:01:15.698 [main] INFO  api.test.userTestUsingPropertiesfile - ********** User deleted ***************
15:22:10.374 [main] INFO  api.test.userTestUsingPropertiesfile - ********** Creating user  ***************
15:22:15.508 [main] INFO  api.test.userTestUsingPropertiesfile - **********User is created  ***************
15:22:15.534 [main] INFO  api.test.userTestUsingPropertiesfile - ********** Reading User Info ***************
15:22:16.685 [main] INFO  api.test.userTestUsingPropertiesfile - **********User info  is displayed ***************
15:22:16.689 [main] INFO  api.test.userTestUsingPropertiesfile - ********** Updating User ***************
15:22:17.797 [main] INFO  api.test.userTestUsingPropertiesfile - ********** User updated ***************
15:22:18.849 [main] INFO  api.test.userTestUsingPropertiesfile - **********   Deleting User  ***************
15:22:19.859 [main] INFO  api.test.userTestUsingPropertiesfile - ********** User deleted ***************
15:23:32.208 [main] INFO  api.test.userTestUsingPropertiesfile - ********** Creating user  ***************
15:23:35.048 [main] INFO  api.test.userTestUsingPropertiesfile - **********User is created  ***************
15:23:35.066 [main] INFO  api.test.userTestUsingPropertiesfile - ********** Reading User Info ***************
15:23:36.218 [main] INFO  api.test.userTestUsingPropertiesfile - ********** Updating User ***************
15:23:37.285 [main] INFO  api.test.userTestUsingPropertiesfile - ********** User updated ***************
15:23:38.400 [main] INFO  api.test.userTestUsingPropertiesfile - **********   Deleting User  ***************
15:23:39.443 [main] INFO  api.test.userTestUsingPropertiesfile - ********** User deleted ***************
15:31:22.764 [main] INFO  api.test.userTestUsingPropertiesfile - ********** Creating user  ***************
15:31:26.664 [main] INFO  api.test.userTestUsingPropertiesfile - **********User is created  ***************
15:31:26.689 [main] INFO  api.test.userTestUsingPropertiesfile - ********** Reading User Info ***************
15:31:27.794 [main] INFO  api.test.userTestUsingPropertiesfile - ********** Updating User ***************
15:31:28.823 [main] INFO  api.test.userTestUsingPropertiesfile - ********** User updated ***************
15:31:29.878 [main] INFO  api.test.userTestUsingPropertiesfile - **********   Deleting User  ***************
15:31:30.921 [main] INFO  api.test.userTestUsingPropertiesfile - ********** User deleted ***************
15:34:48.530 [main] INFO  api.test.userTest - ********** Creating user  ***************
15:34:51.739 [main] INFO  api.test.userTest - **********User is created  ***************
15:34:51.759 [main] INFO  api.test.userTest - ********** Reading User Info ***************
15:34:52.911 [main] INFO  api.test.userTest - **********User info  is displayed ***************
15:34:52.918 [main] INFO  api.test.userTest - ********** Updating User ***************
15:34:54.015 [main] INFO  api.test.userTest - ********** User updated ***************
15:34:55.080 [main] INFO  api.test.userTest - **********   Deleting User  ***************
15:34:56.138 [main] INFO  api.test.userTest - ********** User deleted ***************
15:35:29.634 [main] INFO  api.test.userTest - ********** Creating user  ***************
15:35:33.119 [main] INFO  api.test.userTest - **********User is created  ***************
15:35:33.135 [main] INFO  api.test.userTest - ********** Reading User Info ***************
15:35:34.230 [main] INFO  api.test.userTest - ********** Updating User ***************
15:35:35.322 [main] INFO  api.test.userTest - ********** User updated ***************
15:35:36.367 [main] INFO  api.test.userTest - **********   Deleting User  ***************
15:38:17.510 [main] INFO  api.test.userTest - ********** Creating user  ***************
15:38:20.546 [main] INFO  api.test.userTest - **********User is created  ***************
15:38:20.558 [main] INFO  api.test.userTest - ********** Reading User Info ***************
15:38:21.696 [main] INFO  api.test.userTest - ********** Updating User ***************
15:38:22.722 [main] INFO  api.test.userTest - ********** User updated ***************
15:38:23.783 [main] INFO  api.test.userTest - **********   Deleting User  ***************
15:38:24.864 [main] INFO  api.test.userTest - ********** User deleted ***************
15:41:48.946 [main] INFO  api.test.userTest - ********** Creating user  ***************
15:41:52.015 [main] INFO  api.test.userTest - **********User is created  ***************
15:41:52.023 [main] INFO  api.test.userTest - ********** Reading User Info ***************
15:41:53.107 [main] INFO  api.test.userTest - **********User info  is displayed ***************
15:41:53.113 [main] INFO  api.test.userTest - ********** Updating User ***************
15:41:54.205 [main] INFO  api.test.userTest - ********** User updated ***************
15:41:55.272 [main] INFO  api.test.userTest - **********   Deleting User  ***************
15:41:56.318 [main] INFO  api.test.userTest - ********** User deleted ***************
15:42:42.510 [main] INFO  api.test.userTest - ********** Creating user  ***************
15:42:45.401 [main] INFO  api.test.userTest - **********User is created  ***************
15:42:45.426 [main] INFO  api.test.userTest - ********** Reading User Info ***************
15:42:46.544 [main] INFO  api.test.userTest - ********** Updating User ***************
15:42:47.615 [main] INFO  api.test.userTest - ********** User updated ***************
15:42:48.668 [main] INFO  api.test.userTest - **********   Deleting User  ***************
15:42:49.710 [main] INFO  api.test.userTest - ********** User deleted ***************
15:48:10.531 [main] INFO  api.test.userTest - ********** Creating user  ***************
15:48:14.400 [main] INFO  api.test.userTest - **********User is created  ***************
15:48:14.417 [main] INFO  api.test.userTest - ********** Reading User Info ***************
15:48:15.568 [main] INFO  api.test.userTest - ********** Updating User ***************
15:48:16.632 [main] INFO  api.test.userTest - ********** User updated ***************
15:48:17.696 [main] INFO  api.test.userTest - **********   Deleting User  ***************
15:48:18.743 [main] INFO  api.test.userTest - ********** User deleted ***************
16:52:41.610 [main] INFO  api.test.userTest - ********** Creating user  ***************
16:52:44.779 [main] INFO  api.test.userTest - **********User is created  ***************
16:52:44.794 [main] INFO  api.test.userTest - ********** Reading User Info ***************
16:52:45.840 [main] INFO  api.test.userTest - ********** Updating User ***************
16:52:46.932 [main] INFO  api.test.userTest - ********** User updated ***************
16:52:48.002 [main] INFO  api.test.userTest - **********   Deleting User  ***************
16:54:57.717 [main] INFO  api.test.userTest - ********** Creating user  ***************
16:55:00.777 [main] INFO  api.test.userTest - **********User is created  ***************
16:55:00.794 [main] INFO  api.test.userTest - ********** Reading User Info ***************
16:55:01.886 [main] INFO  api.test.userTest - **********User info  is displayed ***************
16:55:01.890 [main] INFO  api.test.userTest - ********** Updating User ***************
16:55:02.941 [main] INFO  api.test.userTest - ********** User updated ***************
16:55:04.019 [main] INFO  api.test.userTest - **********   Deleting User  ***************
16:56:00.160 [main] INFO  api.test.userTest - ********** Creating user  ***************
16:56:03.868 [main] INFO  api.test.userTest - **********User is created  ***************
16:56:03.886 [main] INFO  api.test.userTest - ********** Reading User Info ***************
16:56:04.959 [main] INFO  api.test.userTest - **********User info  is displayed ***************
16:56:04.963 [main] INFO  api.test.userTest - ********** Updating User ***************
16:56:06.044 [main] INFO  api.test.userTest - ********** User updated ***************
16:56:07.138 [main] INFO  api.test.userTest - **********   Deleting User  ***************
16:56:08.187 [main] INFO  api.test.userTest - ********** User deleted ***************
16:58:26.448 [main] INFO  api.test.userTest - ********** Creating user  ***************
16:58:30.041 [main] INFO  api.test.userTest - **********User is created  ***************
16:58:30.055 [main] INFO  api.test.userTest - ********** Reading User Info ***************
16:58:31.156 [main] INFO  api.test.userTest - ********** Updating User ***************
16:58:32.214 [main] INFO  api.test.userTest - ********** User updated ***************
16:58:33.260 [main] INFO  api.test.userTest - **********   Deleting User  ***************
16:58:34.299 [main] INFO  api.test.userTest - ********** User deleted ***************
17:41:27.461 [main] INFO  api.test.userTest - ********** Creating user  ***************
17:41:34.482 [main] INFO  api.test.userTest - **********User is created  ***************
17:41:34.504 [main] INFO  api.test.userTest - ********** Reading User Info ***************
17:41:35.596 [main] INFO  api.test.userTest - ********** Updating User ***************
17:41:36.593 [main] INFO  api.test.userTest - ********** User updated ***************
17:41:37.629 [main] INFO  api.test.userTest - **********   Deleting User  ***************
17:42:42.822 [main] INFO  api.test.userTest - ********** Creating user  ***************
17:42:45.778 [main] INFO  api.test.userTest - **********User is created  ***************
17:42:45.793 [main] INFO  api.test.userTest - ********** Reading User Info ***************
17:42:46.961 [main] INFO  api.test.userTest - **********User info  is displayed ***************
17:42:46.965 [main] INFO  api.test.userTest - ********** Updating User ***************
17:42:48.062 [main] INFO  api.test.userTest - ********** User updated ***************
17:42:49.134 [main] INFO  api.test.userTest - **********   Deleting User  ***************
17:43:38.418 [main] INFO  api.test.userTest - ********** Creating user  ***************
17:43:41.403 [main] INFO  api.test.userTest - **********User is created  ***************
17:43:41.422 [main] INFO  api.test.userTest - ********** Reading User Info ***************
17:43:42.535 [main] INFO  api.test.userTest - **********User info  is displayed ***************
17:43:42.539 [main] INFO  api.test.userTest - ********** Updating User ***************
17:43:43.607 [main] INFO  api.test.userTest - ********** User updated ***************
17:43:44.653 [main] INFO  api.test.userTest - **********   Deleting User  ***************
17:43:45.655 [main] INFO  api.test.userTest - ********** User deleted ***************
17:44:36.760 [main] INFO  api.test.userTest - ********** Creating user  ***************
17:44:39.902 [main] INFO  api.test.userTest - **********User is created  ***************
17:44:39.921 [main] INFO  api.test.userTest - ********** Reading User Info ***************
17:44:41.024 [main] INFO  api.test.userTest - **********User info  is displayed ***************
17:44:41.028 [main] INFO  api.test.userTest - ********** Updating User ***************
17:44:42.047 [main] INFO  api.test.userTest - ********** User updated ***************
17:44:43.132 [main] INFO  api.test.userTest - **********   Deleting User  ***************
17:44:44.183 [main] INFO  api.test.userTest - ********** User deleted ***************
17:45:48.562 [main] INFO  api.test.userTest - ********** Creating user  ***************
17:45:51.516 [main] INFO  api.test.userTest - **********User is created  ***************
17:45:51.545 [main] INFO  api.test.userTest - ********** Reading User Info ***************
17:45:52.665 [main] INFO  api.test.userTest - **********User info  is displayed ***************
17:45:52.668 [main] INFO  api.test.userTest - ********** Updating User ***************
17:45:53.760 [main] INFO  api.test.userTest - ********** User updated ***************
17:45:54.817 [main] INFO  api.test.userTest - **********   Deleting User  ***************
17:45:55.821 [main] INFO  api.test.userTest - ********** User deleted ***************
17:47:40.200 [main] INFO  api.test.userTest - ********** Creating user  ***************
17:47:43.140 [main] INFO  api.test.userTest - **********User is created  ***************
17:47:43.154 [main] INFO  api.test.userTest - ********** Reading User Info ***************
17:47:44.304 [main] INFO  api.test.userTest - ********** Updating User ***************
17:47:45.372 [main] INFO  api.test.userTest - ********** User updated ***************
17:47:46.391 [main] INFO  api.test.userTest - **********   Deleting User  ***************
18:06:29.509 [main] INFO  api.test.userTest - ********** Creating user  ***************
18:06:32.471 [main] INFO  api.test.userTest - **********User is created  ***************
18:06:32.483 [main] INFO  api.test.userTest - ********** Reading User Info ***************
18:06:33.594 [main] INFO  api.test.userTest - ********** Updating User ***************
18:06:34.705 [main] INFO  api.test.userTest - ********** User updated ***************
18:06:35.796 [main] INFO  api.test.userTest - **********   Deleting User  ***************
18:06:36.840 [main] INFO  api.test.userTest - ********** User deleted ***************
18:19:13.677 [main] INFO  api.test.userTest - ********** Creating user  ***************
18:19:16.662 [main] INFO  api.test.userTest - **********User is created  ***************
18:19:16.676 [main] INFO  api.test.userTest - ********** Reading User Info ***************
18:19:17.802 [main] INFO  api.test.userTest - **********User info  is displayed ***************
18:19:17.806 [main] INFO  api.test.userTest - ********** Updating User ***************
18:19:18.866 [main] INFO  api.test.userTest - ********** User updated ***************
18:19:19.926 [main] INFO  api.test.userTest - **********   Deleting User  ***************
18:19:20.977 [main] INFO  api.test.userTest - ********** User deleted ***************
18:23:01.134 [main] INFO  api.test.userTest - ********** Creating user  ***************
18:23:04.175 [main] INFO  api.test.userTest - **********User is created  ***************
18:23:04.187 [main] INFO  api.test.userTest - ********** Reading User Info ***************
18:23:05.291 [main] INFO  api.test.userTest - ********** Updating User ***************
18:23:06.345 [main] INFO  api.test.userTest - ********** User updated ***************
18:23:10.456 [main] INFO  api.test.userTest - **********   Deleting User  ***************
18:25:13.483 [main] INFO  api.test.userTest - ********** Creating user  ***************
18:25:19.618 [main] INFO  api.test.userTest - **********User is created  ***************
18:25:19.628 [main] INFO  api.test.userTest - ********** Reading User Info ***************
18:25:23.721 [main] INFO  api.test.userTest - **********User info  is displayed ***************
18:25:23.728 [main] INFO  api.test.userTest - ********** Updating User ***************
18:25:27.799 [main] INFO  api.test.userTest - ********** User updated ***************
18:25:31.866 [main] INFO  api.test.userTest - **********   Deleting User  ***************
18:25:32.948 [main] INFO  api.test.userTest - ********** User deleted ***************
18:25:54.969 [main] INFO  api.test.userTest - ********** Creating user  ***************
18:26:00.793 [main] INFO  api.test.userTest - **********User is created  ***************
18:26:00.808 [main] INFO  api.test.userTest - ********** Reading User Info ***************
18:26:04.855 [main] INFO  api.test.userTest - **********User info  is displayed ***************
18:26:04.867 [main] INFO  api.test.userTest - ********** Updating User ***************
18:26:08.964 [main] INFO  api.test.userTest - ********** User updated ***************
18:26:12.976 [main] INFO  api.test.userTest - **********   Deleting User  ***************
18:26:14.015 [main] INFO  api.test.userTest - ********** User deleted ***************
18:27:09.513 [main] INFO  api.test.userTest - ********** Creating user  ***************
18:27:15.382 [main] INFO  api.test.userTest - **********User is created  ***************
18:27:15.398 [main] INFO  api.test.userTest - ********** Reading User Info ***************
18:27:16.491 [main] INFO  api.test.userTest - ********** Updating User ***************
18:27:20.587 [main] INFO  api.test.userTest - ********** User updated ***************
18:27:24.649 [main] INFO  api.test.userTest - **********   Deleting User  ***************
18:40:14.525 [main] INFO  api.test.userTest - ********** Creating user  ***************
18:40:17.960 [main] INFO  api.test.userTest - **********User is created  ***************
18:40:17.983 [main] INFO  api.test.userTest - ********** Reading User Info ***************
18:42:03.286 [main] INFO  api.test.userTest - ********** Creating user  ***************
18:42:06.227 [main] INFO  api.test.userTest - **********User is created  ***************
18:42:06.236 [main] INFO  api.test.userTest - ********** Reading User Info ***************
18:42:07.368 [main] INFO  api.test.userTest - **********User info  is displayed ***************
18:42:07.372 [main] INFO  api.test.userTest - ********** Updating User ***************
18:42:08.423 [main] INFO  api.test.userTest - ********** User updated ***************
18:42:09.492 [main] INFO  api.test.userTest - **********   Deleting User  ***************
18:43:01.682 [main] INFO  api.test.userTest - ********** Creating user  ***************
18:43:04.701 [main] INFO  api.test.userTest - **********User is created  ***************
18:43:04.711 [main] INFO  api.test.userTest - ********** Reading User Info ***************
18:47:52.528 [main] INFO  api.test.userTest - ********** Creating user  ***************
18:47:55.684 [main] INFO  api.test.userTest - **********User is created  ***************
18:47:55.708 [main] INFO  api.test.userTest - ********** Reading User Info ***************
18:47:56.777 [main] INFO  api.test.userTest - **********User info  is displayed ***************
18:47:56.781 [main] INFO  api.test.userTest - ********** Updating User ***************
18:47:57.854 [main] INFO  api.test.userTest - ********** User updated ***************
18:48:43.325 [main] INFO  api.test.userTest - ********** Creating user  ***************
18:48:46.226 [main] INFO  api.test.userTest - **********User is created  ***************
18:48:46.235 [main] INFO  api.test.userTest - ********** Reading User Info ***************
18:48:47.364 [main] INFO  api.test.userTest - **********User info  is displayed ***************
18:48:47.367 [main] INFO  api.test.userTest - ********** Updating User ***************
18:48:48.390 [main] INFO  api.test.userTest - ********** User updated ***************
18:48:49.456 [main] INFO  api.test.userTest - **********   Deleting User  ***************
18:48:50.504 [main] INFO  api.test.userTest - ********** User deleted ***************
18:49:04.030 [main] INFO  api.test.userTest - ********** Creating user  ***************
18:49:06.809 [main] INFO  api.test.userTest - **********User is created  ***************
18:49:06.841 [main] INFO  api.test.userTest - ********** Reading User Info ***************
18:49:07.939 [main] INFO  api.test.userTest - **********User info  is displayed ***************
18:49:07.943 [main] INFO  api.test.userTest - ********** Updating User ***************
18:49:08.966 [main] INFO  api.test.userTest - ********** User updated ***************
18:50:06.210 [main] INFO  api.test.userTest - ********** Creating user  ***************
18:50:09.681 [main] INFO  api.test.userTest - **********User is created  ***************
18:50:09.707 [main] INFO  api.test.userTest - ********** Reading User Info ***************
18:50:10.828 [main] INFO  api.test.userTest - **********User info  is displayed ***************
18:50:10.830 [main] INFO  api.test.userTest - ********** Updating User ***************
18:50:11.873 [main] INFO  api.test.userTest - ********** User updated ***************
18:50:12.956 [main] INFO  api.test.userTest - **********   Deleting User  ***************
